<?xml version="1.0" encoding="UTF-8"?>
<!-- Generated by org.testng.reporters.JUnitReportReporter -->
<testsuite hostname="DESKTOP-L1DOOE7" failures="0" tests="1" name="com.qa.testscript.TC_AmazonSearch_002" time="7.194" errors="0" timestamp="2021-07-29T12:42:33 IST" skipped="0">
  <testcase classname="com.qa.testscript.TC_AmazonSearch_002" name="newRegistration" time="7.194"/>
  <system-out/>
</testsuite> <!-- com.qa.testscript.TC_AmazonSearch_002 -->
