<?xml version="1.0" encoding="UTF-8"?>
<!-- Generated by org.testng.reporters.JUnitReportReporter -->
<testsuite skipped="0" hostname="DESKTOP-L1DOOE7" name="com.qa.testscript.TC_Amazon_003" tests="1" failures="0" timestamp="2021-08-16T15:05:39 IST" time="5.924" errors="0">
  <testcase name="newRegistration" time="5.924" classname="com.qa.testscript.TC_Amazon_003"/>
  <system-out>
    <![CDATA[Amazon Registration
Test is passed]]>
  </system-out>
</testsuite> <!-- com.qa.testscript.TC_Amazon_003 -->
