<?xml version="1.0" encoding="UTF-8"?>
<!-- Generated by org.testng.reporters.JUnitReportReporter -->
<testsuite skipped="0" hostname="DESKTOP-L1DOOE7" name="com.qa.testscript.TC_AmazonSearch_001" tests="5" failures="0" timestamp="2021-08-16T15:12:50 IST" time="32.997" errors="0">
  <testcase name="SearchItem" time="6.927" classname="com.qa.testscript.TC_AmazonSearch_001"/>
  <system-out>
    <![CDATA[item is searched
Amazon Basics 6 Place Setting Dishwasher, Silver
Panasonic 6 Kg 5 Star Fully-Automatic Top Loading Washing Machine (NA-F60LF1HRB, Grey)
Samsung 6.5 kg Fully-Automatic Top Loading Washing Machine (WA65A4002VS/TL, Imperial Silver, Diamond Drum)
Whirlpool 7 Kg 5 Star Semi-Automatic Top Loading Washing Machine (SUPERB ATOM 7.0, Grey Dazzle, TurboScrub Technology)
Samsung 6.0 Kg Inverter 5 Star Fully-Automatic Front Loading Washing Machine (WW60R20GLMA/TL, White, Hygiene Steam)
Whirlpool 6.5 Kg 5 Star Fully-Automatic Top Loading Washing Machine with In-Built Heater (STAINWASH PRO H 6.5, Shiny Grey)
Samsung 7.2 kg Semi-Automatic Top Loading Washing Machine (WT725QPNDMPXTL, White and Blue, Center Jet Pulsator)
Whirlpool 7.5 Kg 5 Star Semi-Automatic Top Loading Washing Machine (ACE 7.5 SUPREME, Grey Dazzle)
Whirlpool 7 Kg 5 Star Royal Plus Fully-Automatic Top Loading Washing Machine (WHITEMAGIC ROYAL PLUS 7.0, Grey, Hard Water Wash)
Samsung 6.5 Kg 5 Star Inverter Fully-Automatic Top Loading Washing Machine (WA65T4262GG/TL, Light Grey, Wobble technology)
Godrej 6 Kg 5 Star Fully-Automatic Top Loading Washing Machine (WTEON 600 AD 5.0 ROGR, Grey)
LG 6.5 Kg 5 Star Smart Inverter Fully-Automatic Top Loading Washing Machine (T65SKSF4Z, Middle Free Silver)
IFB 6 kg 5 Star Fully-Automatic Front Loading Washing Machine (Diva Aqua BX, White|Black matte, Aqua Energie,Crescent Moon Drum,Laundry Add,In-built heater )
LG 6.5 Kg 4 Star Semi-Automatic Top Loading Washing Machine (P6510NBAY, Dark Blue, Rat Away Technology)
Samsung 6.0 Kg 5 Star Semi-Automatic Top Loading Washing Machine (WT60R2000LL/TL, Light Grey, Center jet technology)
Amazon Basics 6 Kg Fully Automatic Top Loading Washing Machine, Grey
Samsung 7.0 Kg Fully-Automatic Top Loading Washing Machine (WA70T4560FM/TL,Magnolia Plum)
IFB 7 Kg 5 Star Fully-Automatic Front Loading Washing Machine (Neo Diva BX, White, 3D Wash Technology,CradleWash,Aqua Energie,In-built heater)
Whirlpool 7 Kg 5 Star Royal Fully-Automatic Top Loading Washing Machine (WHITEMAGIC ROYAL 7.0 GENX, Grey, Hard Water Wash)
Intex 6.2 kg Semi-Automatic Top Loading Washing Machine (WMS62TL, White and Maroon)
Onida 6.5 kg Washer Only (WS65WLPT1LR Liliput, Lava Red)
Panasonic 6.5 kg 5 Star Semi-Automatic Top Loading Washing Machine (NA-W65E5ARB, Blue, Powerful Motor)
LG 7 Kg 4 Star Semi-Automatic Top Loading Washing Machine (P7020NGAY, Dark Gray, Collar scrubber)
Whirlpool 7.2 Kg Semi-Automatic Top Loading Washing Machine (ACE SUPREME PLUS 7.2, Coral Red, Ace Wash Station)
Panasonic 7 Kg 5 Star Fully-Automatic Top Loading Washing Machine (NA-F70LF1HRB, Grey)
Godrej 6.5 Kg 5 Star Fully-Automatic Top Loading Washing Machine (WTEON 650 AD 5.0 ROGR, Grey, Acu Wash Drum)
AmazonBasics 6.5 kg Fully-Automatic Top Load Washing Machine (Grey/Black, Full Metal body, LED Display)
LG 8.0 Kg 5 Star Inverter Fully-Automatic Front Loading Washing Machine (FHM1208ZDL, Luxury Silver, Direct Drive Technology)
LG 6.5 Kg 5 Star Smart Inverter Fully-Automatic Top Loading Washing Machine (T65SNSF1Z, Middle Free Silver, TurboDrum)
Samsung 6.5 Kg Fully-Automatic Top Loading Washing Machine (WA65A4022FS/TL, Imperial Silver, Wobble technology)
Bosch Original Square Frame Pedestal for Washing Machine (Powder Coated Steel Stand - White)]]>
  </system-out>
  <testcase name="SearchItem" time="5.440" classname="com.qa.testscript.TC_AmazonSearch_001"/>
  <system-out>
    <![CDATA[item is searched]]>
  </system-out>
  <testcase name="SearchItem" time="6.523" classname="com.qa.testscript.TC_AmazonSearch_001"/>
  <system-out>
    <![CDATA[item is searched
AgniBaan: Guardians of the Fire Chamber
The Da Vinci Code: (Robert Langdon Book 2)
The Da Vinci Code (Abridged Edition)
Angels and Demons + The Da Vinci Code
DA VINCI CODE
The Da Vinci Code: A Novel: 2 (Robert Langdon)
The Da Vinci Code
Davinci Code
The Davinci Code
The Complete Novels of Sherlock Holmes
Original Sherlock Holmes Books Set Of 4 By Sir Arthur Conan Doyle, The Adventures Of Sherlock Holmes Book, The Case Book Of Sherlock Holmes, Sherlock Holmes His Last Bow, The Return Of Sherlock Holmes
THE DA VINCI CODE : A QUEST FOR ANSWERS (HINDI)
The Code Breaker
Cracking the Da Vinci Code: The Unauthorized Guide to the Facts Behind the Fiction
Inferno: (Robert Langdon Book 4)
World’s Greatest Classics (Box Set of 4 Books)
Angels and Demons: (Robert Langdon Book 1)
To Kill A Mockingbird: 50th Anniversary Edition: 60th Anniversary Edition
The Silent Patient: The record-breaking, multimillion copy Sunday Times bestselling thriller and Richard & Judy book club pick
World’s Greatest Classics (Box Set of 4 Books)
Most Influential Classics of All Time (Box Set of 4 Books)
Panchatantra Ki 101 Kahaniyan: Collection Of Witty Moral Stories For Kids For Personality Development In Hindi]]>
  </system-out>
  <testcase name="SearchItem" time="6.425" classname="com.qa.testscript.TC_AmazonSearch_001"/>
  <system-out>
    <![CDATA[item is searched
Samsung Galaxy M31 (Ocean Blue, 6GB RAM, 128GB Storage)
Redmi 9A (Nature Green, 2GB RAM, 32GB Storage) | 2GHz Octa-core Helio G25 Processor | 5000 mAh Battery
realme C11 (2021) (Cool Blue, 2GB RAM, 32GB Storage) with No Cost EMI/Additional Exchange Offers
Samsung Galaxy M31 (Space Black, 6GB RAM, 128GB Storage)
realme C11 (2021) (Cool Grey, 2GB RAM, 32GB Storage) with No Cost EMI/Additional Exchange Offers
Tecno Spark 7T(Jewel Blue, 4GB RAM, 64GB Storage) 6000 mAh Battery| 48 MP AI Dual Rear Camera
Redmi 9 Power (Mighty Black, 6GB RAM, 128GB Storage) - 6000mAh Battery |FHD+ Screen| 48MP Quad Camera | Snapdragon 662 Processor | Alexa Hands-Free Capable
Redmi 9A (Nature Green, 3GB Ram, 32GB Storage) | 2GHz Octa-core Helio G25 Processor
Panasonic Eluga I8 (Black, 3GB RAM, 32GB Storage)
Panasonic Eluga i7 (2GB RAM, 16GB Storage, Finger Print Sensor, 4000mAh Battery) (Black)
Redmi 9A (Midnight Black 2GB RAM 32GB Storage) | 2GHz Octa-core Helio G25 Processor | 5000 mAh Battery
itel A47 (Cosmic Purple, 2GB RAM, 32GB Storage, 5.5'' HD+ IPS Display), L5505
itel A23 Pro Jio (Lake Blue, 1GB RAM, 8 GB Storage, 5'' Bright Display) (L5006C)
realme narzo 30 (Racing Blue, 6GB RAM, 128GB Storage) with No Cost EMI/Additional Exchange Offers
Maplin Ismart I1 Reeno (2 GB 16 GB) 5.0 inch Touchscreen Smartphone Mist Gold
Vivo Y20A 2021 (Nebula Blue, 3GB RAM, 64GB Storage) with No Cost EMI/Additional Exchange Offers
PHILIPS 1.8 inch Display, 32 MB Storage, 0.8 MP Camera, 1000 Phone Book Memory, VGA Video Recording, FM GSM Feature Phone (Black)
Nokia 225 4G Dual SIM Feature Phone with Long Battery Life, Camera, Multiplayer Games, and Premium Finish – Black Colour
Redmi Note 9 (Pebble Grey, 4GB RAM 64GB Storage) - 48MP Quad Camera & Full HD+ Display
Redmi 9 (Sporty Orange, 4GB RAM, 64GB Storage) | 2.3GHz Mediatek Helio G35 Octa core Processor
Samsung Guru 1200 (GT-E1200, Indigo Blue)
Oppo A31 (Mystery Black, 6GB RAM, 128GB Storage) with No Cost EMI/Additional Exchange Offers
Oppo A31 (Fantasy White, 6GB RAM, 128GB Storage) with No Cost EMI/Additional Exchange Offers
Nokia 5310 Dual SIM Feature Phone with MP3 Player, Wireless FM Radio and Rear Camera (White/Red)
Redmi 9 Power (Mighty Black 4GB RAM 64GB Storage) - 6000mAh Battery |FHD+ Screen | 48MP Quad Camera | Alexa Hands-Free Capable]]>
  </system-out>
  <testcase name="SearchItem" time="7.682" classname="com.qa.testscript.TC_AmazonSearch_001"/>
  <system-out>
    <![CDATA[item is searched]]>
  </system-out>
</testsuite> <!-- com.qa.testscript.TC_AmazonSearch_001 -->
