<?xml version="1.0" encoding="UTF-8"?>
<!-- Generated by org.testng.reporters.JUnitReportReporter -->
<testsuite skipped="0" hostname="DESKTOP-L1DOOE7" name="com.qa.test.DemoTakeScreenshot" tests="3" failures="0" timestamp="2021-08-11T16:04:00 IST" time="25.894" errors="0">
  <testcase name="screenshotofElement" time="1.533" classname="com.qa.test.DemoTakeScreenshot"/>
  <system-out/>
  <testcase name="screenshotOfDriver" time="0.506" classname="com.qa.test.DemoTakeScreenshot"/>
  <system-out/>
  <testcase name="screenshotOfFullPage" time="23.855" classname="com.qa.test.DemoTakeScreenshot"/>
  <system-out/>
</testsuite> <!-- com.qa.test.DemoTakeScreenshot -->
